<?xml version="1.0" encoding="UTF-8"?>
<!-- Generated by org.testng.reporters.JUnitReportReporter -->
<testsuite skipped="0" hostname="Nazmul_Lenovo" name="test.Q03" tests="1" failures="0" timestamp="2022-10-17T13:07:50 CDT" time="3.711" errors="0">
  <testcase name="dropDownHasAllTheMonth" time="3.711" classname="test.Q03"/>
  <system-out/>
</testsuite> <!-- test.Q03 -->
