<?xml version="1.0" encoding="UTF-8"?>
<!-- Generated by org.testng.reporters.JUnitReportReporter -->
<testsuite skipped="0" hostname="Nazmul_Lenovo" name="test.Q01" tests="1" failures="0" timestamp="2022-10-17T11:40:32 CDT" time="8.488" errors="0">
  <testcase name="addCategoryandDisplay" time="8.488" classname="test.Q01"/>
  <system-out/>
</testsuite> <!-- test.Q01 -->
