<?xml version="1.0" encoding="UTF-8"?>
<!-- Generated by org.testng.reporters.JUnitReportReporter -->
<testsuite skipped="0" hostname="Nazmul_Lenovo" name="test.Q02" tests="1" failures="0" timestamp="2022-10-17T12:56:19 CDT" time="15.933" errors="0">
  <testcase name="addDuplicate" time="15.933" classname="test.Q02"/>
  <system-out/>
</testsuite> <!-- test.Q02 -->
