<?xml version="1.0" encoding="UTF-8"?>
<!-- Generated by org.testng.reporters.JUnitReportReporter -->
<testsuite hostname="Nazmul_Lenovo" failures="0" tests="1" name="util.BrowserFactory" time="5.805" errors="0" timestamp="2022-10-12T09:45:28 CDT" skipped="0">
  <testcase classname="util.BrowserFactory" name="init" time="5.805"/>
  <system-out/>
</testsuite> <!-- util.BrowserFactory -->
